writeCommonTags: couldn't write 'year' tag to 'Database/Instrumental/Kory/Aozora no Rhapsody [Chiptune] - Miss Kobayashi's Dragon Maid OP.m4a' as it's not a positive integer
writeCommonTags: couldn't write 'track' tag to 'Database/Instrumental/Kory/Aozora no Rhapsody [Chiptune] - Miss Kobayashi's Dragon Maid OP.m4a' as it's not a positive integer
writeCommonTags: couldn't write 'year' tag to 'Database/miHoYo/崩壊学園/崩壊世界の歌姫.m4a' as it's not a positive integer
writeCommonTags: couldn't write 'track' tag to 'Database/miHoYo/崩壊学園/崩壊世界の歌姫.m4a' as it's not a positive integer
writeCommonTags: couldn't write 'year' tag to 'Database/miHoYo/崩壊学園/罪の天使 (初音ミク Ver.).m4a' as it's not a positive integer
writeCommonTags: couldn't write 'track' tag to 'Database/miHoYo/崩壊学園/罪の天使 (初音ミク Ver.).m4a' as it's not a positive integer
writeCommonTags: couldn't write 'year' tag to 'Database/miHoYo/崩壊学園/罪の天使.m4a' as it's not a positive integer
writeCommonTags: couldn't write 'track' tag to 'Database/miHoYo/崩壊学園/罪の天使.m4a' as it's not a positive integer
writeCommonTags: couldn't write 'year' tag to 'Database/Instrumental/Falcom Sound Team jdk/英雄伝説 閃の軌跡 オリジナルサウンドトラック/04-01 今はまだ….m4a' as it's not a positive integer
writeCommonTags: couldn't write 'year' tag to 'Database/Instrumental/Falcom Sound Team jdk/英雄伝説 閃の軌跡 オリジナルサウンドトラック/04-02 トールズ士官学院祭.m4a' as it's not a positive integer
writeCommonTags: couldn't write 'year' tag to 'Database/Instrumental/Falcom Sound Team jdk/英雄伝説 閃の軌跡 オリジナルサウンドトラック/04-03 走れマッハ号!.m4a' as it's not a positive integer
writeCommonTags: couldn't write 'year' tag to 'Database/Instrumental/Falcom Sound Team jdk/英雄伝説 閃の軌跡 オリジナルサウンドトラック/04-04 明日を掴むために.m4a' as it's not a positive integer
writeCommonTags: couldn't write 'year' tag to 'Database/Instrumental/Falcom Sound Team jdk/英雄伝説 閃の軌跡 オリジナルサウンドトラック/04-05 巨イナルチカラ.m4a' as it's not a positive integer
writeCommonTags: couldn't write 'year' tag to 'Database/Instrumental/Falcom Sound Team jdk/英雄伝説 閃の軌跡 オリジナルサウンドトラック/04-06 揺らめく炎を見つめて.m4a' as it's not a positive integer
writeCommonTags: couldn't write 'year' tag to 'Database/Instrumental/Falcom Sound Team jdk/英雄伝説 閃の軌跡 オリジナルサウンドトラック/04-07 不透明な事態.m4a' as it's not a positive integer
writeCommonTags: couldn't write 'year' tag to 'Database/Instrumental/Falcom Sound Team jdk/英雄伝説 閃の軌跡 オリジナルサウンドトラック/04-08 鉄血へのレクイエム.m4a' as it's not a positive integer
writeCommonTags: couldn't write 'year' tag to 'Database/Instrumental/Falcom Sound Team jdk/英雄伝説 閃の軌跡 オリジナルサウンドトラック/04-09 幻想の唄 -PHANTASMAGORIA-.m4a' as it's not a positive integer
writeCommonTags: couldn't write 'year' tag to 'Database/Instrumental/Falcom Sound Team jdk/英雄伝説 閃の軌跡 オリジナルサウンドトラック/04-10 全てを賭して今、ここに立つ.m4a' as it's not a positive integer
writeCommonTags: couldn't write 'year' tag to 'Database/Instrumental/Falcom Sound Team jdk/英雄伝説 閃の軌跡 オリジナルサウンドトラック/04-11 Unknown Threat.m4a' as it's not a positive integer
writeCommonTags: couldn't write 'year' tag to 'Database/Instrumental/Falcom Sound Team jdk/英雄伝説 閃の軌跡 オリジナルサウンドトラック/04-12 刻ハ至レリ.m4a' as it's not a positive integer
writeCommonTags: couldn't write 'year' tag to 'Database/Instrumental/Falcom Sound Team jdk/英雄伝説 閃の軌跡 オリジナルサウンドトラック/04-13 目覚めし伝承.m4a' as it's not a positive integer
writeCommonTags: couldn't write 'year' tag to 'Database/Instrumental/Falcom Sound Team jdk/英雄伝説 閃の軌跡 オリジナルサウンドトラック/04-14 偽りの時間.m4a' as it's not a positive integer
writeCommonTags: couldn't write 'year' tag to 'Database/Instrumental/Falcom Sound Team jdk/英雄伝説 閃の軌跡 オリジナルサウンドトラック/04-15 The Decisive Collision.m4a' as it's not a positive integer
writeCommonTags: couldn't write 'year' tag to 'Database/Instrumental/Falcom Sound Team jdk/英雄伝説 閃の軌跡 オリジナルサウンドトラック/04-16 唯一の希望.m4a' as it's not a positive integer
writeCommonTags: couldn't write 'year' tag to 'Database/Instrumental/Falcom Sound Team jdk/英雄伝説 閃の軌跡 オリジナルサウンドトラック/04-17 I miss you.m4a' as it's not a positive integer
writeCommonTags: couldn't write 'year' tag to 'Database/Instrumental/Falcom Sound Team jdk/英雄伝説 閃の軌跡II オリジナルサウンドトラック/01-01 灰色の戦記.m4a' as it's not a positive integer
writeCommonTags: couldn't write 'year' tag to 'Database/Instrumental/Falcom Sound Team jdk/英雄伝説 閃の軌跡II オリジナルサウンドトラック/01-02 閃光の行方 -Opening size-.m4a' as it's not a positive integer
writeCommonTags: couldn't write 'year' tag to 'Database/Instrumental/Falcom Sound Team jdk/英雄伝説 閃の軌跡II オリジナルサウンドトラック/01-03 冬の訪れ.m4a' as it's not a positive integer
writeCommonTags: couldn't write 'year' tag to 'Database/Instrumental/Falcom Sound Team jdk/英雄伝説 閃の軌跡II オリジナルサウンドトラック/01-04 Heated Mind.m4a' as it's not a positive integer
writeCommonTags: couldn't write 'year' tag to 'Database/Instrumental/Falcom Sound Team jdk/英雄伝説 閃の軌跡II オリジナルサウンドトラック/01-05 Impatient.m4a' as it's not a positive integer
writeCommonTags: couldn't write 'year' tag to 'Database/Instrumental/Falcom Sound Team jdk/英雄伝説 閃の軌跡II オリジナルサウンドトラック/01-06 静寂の郷.m4a' as it's not a positive integer
writeCommonTags: couldn't write 'year' tag to 'Database/Instrumental/Falcom Sound Team jdk/英雄伝説 閃の軌跡II オリジナルサウンドトラック/01-07 再会.m4a' as it's not a positive integer
writeCommonTags: couldn't write 'year' tag to 'Database/Instrumental/Falcom Sound Team jdk/英雄伝説 閃の軌跡II オリジナルサウンドトラック/01-08 ユミル渓谷道.m4a' as it's not a positive integer
writeCommonTags: couldn't write 'year' tag to 'Database/Instrumental/Falcom Sound Team jdk/英雄伝説 閃の軌跡II オリジナルサウンドトラック/01-09 迫る巨影.m4a' as it's not a positive integer
writeCommonTags: couldn't write 'year' tag to 'Database/Instrumental/Falcom Sound Team jdk/英雄伝説 閃の軌跡II オリジナルサウンドトラック/01-10 Awakening.m4a' as it's not a positive integer
writeCommonTags: couldn't write 'year' tag to 'Database/Instrumental/Falcom Sound Team jdk/英雄伝説 閃の軌跡II オリジナルサウンドトラック/01-11 深淵の魔女.m4a' as it's not a positive integer
writeCommonTags: couldn't write 'year' tag to 'Database/Instrumental/Falcom Sound Team jdk/英雄伝説 閃の軌跡II オリジナルサウンドトラック/01-12 戦火を越えて.m4a' as it's not a positive integer
writeCommonTags: couldn't write 'year' tag to 'Database/Instrumental/Falcom Sound Team jdk/英雄伝説 閃の軌跡II オリジナルサウンドトラック/01-13 Trudge Along.m4a' as it's not a positive integer
writeCommonTags: couldn't write 'year' tag to 'Database/Instrumental/Falcom Sound Team jdk/英雄伝説 閃の軌跡II オリジナルサウンドトラック/01-14 Bring up Trust!.m4a' as it's not a positive integer
writeCommonTags: couldn't write 'year' tag to 'Database/Instrumental/Falcom Sound Team jdk/英雄伝説 閃の軌跡II オリジナルサウンドトラック/01-15 精霊窟.m4a' as it's not a positive integer
writeCommonTags: couldn't write 'year' tag to 'Database/Instrumental/Falcom Sound Team jdk/英雄伝説 閃の軌跡II オリジナルサウンドトラック/01-16 戦場の掟.m4a' as it's not a positive integer
writeCommonTags: couldn't write 'year' tag to 'Database/Instrumental/Falcom Sound Team jdk/英雄伝説 閃の軌跡II オリジナルサウンドトラック/01-17 Severe Blow.m4a' as it's not a positive integer
writeCommonTags: couldn't write 'year' tag to 'Database/Instrumental/Falcom Sound Team jdk/英雄伝説 閃の軌跡II オリジナルサウンドトラック/01-18 一撃に賭ける.m4a' as it's not a positive integer
writeCommonTags: couldn't write 'year' tag to 'Database/Instrumental/Falcom Sound Team jdk/英雄伝説 閃の軌跡II オリジナルサウンドトラック/01-19 明日への休息.m4a' as it's not a positive integer
writeCommonTags: couldn't write 'year' tag to 'Database/Instrumental/Falcom Sound Team jdk/英雄伝説 閃の軌跡II オリジナルサウンドトラック/01-20 足湯の温もり.m4a' as it's not a positive integer
writeCommonTags: couldn't write 'year' tag to 'Database/Instrumental/Falcom Sound Team jdk/英雄伝説 閃の軌跡II オリジナルサウンドトラック/01-21 雪ウサギを追いかけて.m4a' as it's not a positive integer
writeCommonTags: couldn't write 'year' tag to 'Database/Instrumental/Falcom Sound Team jdk/英雄伝説 閃の軌跡II オリジナルサウンドトラック/01-22 Blitzkrieg.m4a' as it's not a positive integer
writeCommonTags: couldn't write 'year' tag to 'Database/Instrumental/Falcom Sound Team jdk/英雄伝説 閃の軌跡II オリジナルサウンドトラック/01-23 ALTINA.m4a' as it's not a positive integer
writeCommonTags: couldn't write 'year' tag to 'Database/Instrumental/Falcom Sound Team jdk/英雄伝説 閃の軌跡II オリジナルサウンドトラック/01-24 威風.m4a' as it's not a positive integer
writeCommonTags: couldn't write 'year' tag to 'Database/Instrumental/Falcom Sound Team jdk/英雄伝説 閃の軌跡II オリジナルサウンドトラック/01-25 Take The Windward!.m4a' as it's not a positive integer
writeCommonTags: couldn't write 'year' tag to 'Database/Instrumental/Falcom Sound Team jdk/英雄伝説 閃の軌跡II オリジナルサウンドトラック/01-26 Transcend Beat.m4a' as it's not a positive integer
writeCommonTags: couldn't write 'year' tag to 'Database/Instrumental/Falcom Sound Team jdk/英雄伝説 閃の軌跡II オリジナルサウンドトラック/01-27 白銀の巨船.m4a' as it's not a positive integer
writeCommonTags: couldn't write 'year' tag to 'Database/Instrumental/Falcom Sound Team jdk/英雄伝説 閃の軌跡II オリジナルサウンドトラック/01-28 ただひたすらに、前へ.m4a' as it's not a positive integer
writeCommonTags: couldn't write 'year' tag to 'Database/Instrumental/Falcom Sound Team jdk/英雄伝説 閃の軌跡II オリジナルサウンドトラック/02-29 カレイジャス発進！.m4a' as it's not a positive integer
writeCommonTags: couldn't write 'year' tag to 'Database/Instrumental/Falcom Sound Team jdk/英雄伝説 閃の軌跡II オリジナルサウンドトラック/02-30 目覚める意志.m4a' as it's not a positive integer
writeCommonTags: couldn't write 'year' tag to 'Database/Instrumental/Falcom Sound Team jdk/英雄伝説 閃の軌跡II オリジナルサウンドトラック/02-31 乾坤一擲.m4a' as it's not a positive integer
writeCommonTags: couldn't write 'year' tag to 'Database/Instrumental/Falcom Sound Team jdk/英雄伝説 閃の軌跡II オリジナルサウンドトラック/02-32 静かな決意.m4a' as it's not a positive integer
writeCommonTags: couldn't write 'year' tag to 'Database/Instrumental/Falcom Sound Team jdk/英雄伝説 閃の軌跡II オリジナルサウンドトラック/02-33 Heteromorphy.m4a' as it's not a positive integer
writeCommonTags: couldn't write 'year' tag to 'Database/Instrumental/Falcom Sound Team jdk/英雄伝説 閃の軌跡II オリジナルサウンドトラック/02-34 かけがえのない人へ.m4a' as it's not a positive integer
writeCommonTags: couldn't write 'year' tag to 'Database/Instrumental/Falcom Sound Team jdk/英雄伝説 閃の軌跡II オリジナルサウンドトラック/02-35 交戦.m4a' as it's not a positive integer
writeCommonTags: couldn't write 'year' tag to 'Database/Instrumental/Falcom Sound Team jdk/英雄伝説 閃の軌跡II オリジナルサウンドトラック/02-36 魔王の凱歌.m4a' as it's not a positive integer
writeCommonTags: couldn't write 'year' tag to 'Database/Instrumental/Falcom Sound Team jdk/英雄伝説 閃の軌跡II オリジナルサウンドトラック/02-37 Phantasmal Blaze.m4a' as it's not a positive integer
writeCommonTags: couldn't write 'year' tag to 'Database/Instrumental/Falcom Sound Team jdk/英雄伝説 閃の軌跡II オリジナルサウンドトラック/02-38 Blue Destination.m4a' as it's not a positive integer
writeCommonTags: couldn't write 'year' tag to 'Database/Instrumental/Falcom Sound Team jdk/英雄伝説 閃の軌跡II オリジナルサウンドトラック/02-39 E.O.V.m4a' as it's not a positive integer
writeCommonTags: couldn't write 'year' tag to 'Database/Instrumental/Falcom Sound Team jdk/英雄伝説 閃の軌跡II オリジナルサウンドトラック/02-40 Remaining Glow.m4a' as it's not a positive integer
writeCommonTags: couldn't write 'year' tag to 'Database/Instrumental/Falcom Sound Team jdk/英雄伝説 閃の軌跡II オリジナルサウンドトラック/02-41 内なる黄昏.m4a' as it's not a positive integer
writeCommonTags: couldn't write 'year' tag to 'Database/Instrumental/Falcom Sound Team jdk/英雄伝説 閃の軌跡II オリジナルサウンドトラック/02-42 蘇る記憶.m4a' as it's not a positive integer
writeCommonTags: couldn't write 'year' tag to 'Database/Instrumental/Falcom Sound Team jdk/英雄伝説 閃の軌跡II オリジナルサウンドトラック/02-43 I'll remember you.m4a' as it's not a positive integer
writeCommonTags: couldn't write 'year' tag to 'Database/Instrumental/Falcom Sound Team jdk/英雄伝説 閃の軌跡II オリジナルサウンドトラック/02-44 春の陽射し.m4a' as it's not a positive integer
writeCommonTags: couldn't write 'year' tag to 'Database/Instrumental/Falcom Sound Team jdk/英雄伝説 閃の軌跡II オリジナルサウンドトラック/02-45 幻煌.m4a' as it's not a positive integer
writeCommonTags: couldn't write 'year' tag to 'Database/Instrumental/Falcom Sound Team jdk/英雄伝説 閃の軌跡II オリジナルサウンドトラック/02-46 夢幻回廊.m4a' as it's not a positive integer
writeCommonTags: couldn't write 'year' tag to 'Database/Instrumental/Falcom Sound Team jdk/英雄伝説 閃の軌跡II オリジナルサウンドトラック/02-47 輝ける明日へ.m4a' as it's not a positive integer
writeCommonTags: couldn't write 'year' tag to 'Database/Instrumental/Falcom Sound Team jdk/英雄伝説 閃の軌跡II オリジナルサウンドトラック/02-48 惜しむように、愛おしむように.m4a' as it's not a positive integer
writeCommonTags: couldn't write 'year' tag to 'Database/Instrumental/Falcom Sound Team jdk/英雄伝説 閃の軌跡II オリジナルサウンドトラック/02-49 ライノの花が咲く頃.m4a' as it's not a positive integer
writeCommonTags: couldn't write 'year' tag to 'Database/Instrumental/Falcom Sound Team jdk/英雄伝説 閃の軌跡II オリジナルサウンドトラック/02-50 門出の季節.m4a' as it's not a positive integer
